<?xml version="1.0" encoding="UTF-8"?>
<testng-results skipped="0" failed="0" total="1" passed="1">
  <reporter-output>
  </reporter-output>
  <suite name="test.com.CarTest" duration-ms="184" started-at="2020-02-08T22:28:24Z" finished-at="2020-02-08T22:28:25Z">
    <groups>
    </groups>
    <test name="Command line test" duration-ms="184" started-at="2020-02-08T22:28:24Z" finished-at="2020-02-08T22:28:25Z">
      <class name="test.com.CarTest">
        <test-method status="PASS" signature="setUpClass()[pri:0, instance:test.com.CarTest@1fbc7afb]" name="setUpClass" is-config="true" duration-ms="8" started-at="2020-02-08T16:28:24Z" finished-at="2020-02-08T16:28:24Z">
          <reporter-output>
          </reporter-output>
        </test-method> <!-- setUpClass -->
        <test-method status="PASS" signature="setUpMethod()[pri:0, instance:test.com.CarTest@1fbc7afb]" name="setUpMethod" is-config="true" duration-ms="163" started-at="2020-02-08T16:28:24Z" finished-at="2020-02-08T16:28:25Z">
          <reporter-output>
          </reporter-output>
        </test-method> <!-- setUpMethod -->
        <test-method status="PASS" signature="testcar()[pri:0, instance:test.com.CarTest@1fbc7afb]" name="testcar" duration-ms="5" started-at="2020-02-08T16:28:25Z" finished-at="2020-02-08T16:28:25Z">
          <reporter-output>
          </reporter-output>
        </test-method> <!-- testcar -->
        <test-method status="PASS" signature="tearDownMethod()[pri:0, instance:test.com.CarTest@1fbc7afb]" name="tearDownMethod" is-config="true" duration-ms="0" started-at="2020-02-08T16:28:25Z" finished-at="2020-02-08T16:28:25Z">
          <reporter-output>
          </reporter-output>
        </test-method> <!-- tearDownMethod -->
        <test-method status="PASS" signature="tearDownClass()[pri:0, instance:test.com.CarTest@1fbc7afb]" name="tearDownClass" is-config="true" duration-ms="0" started-at="2020-02-08T16:28:25Z" finished-at="2020-02-08T16:28:25Z">
          <reporter-output>
          </reporter-output>
        </test-method> <!-- tearDownClass -->
      </class> <!-- test.com.CarTest -->
    </test> <!-- Command line test -->
  </suite> <!-- test.com.CarTest -->
</testng-results>
